 command line:
   ./NAND_TB_isim_beh.exe
     -intstyle  ise
     -ipchost  localhost
     -ipcport  61368

Sun Oct 31 20:17:06 2021

Total Line Count : 46

 Elaboration time : 0.015625 sec.

 Estimate current memory usage : 158.257 Meg. 

 Total Signals          : 11
 Total Nets             : 10
 Total Signal Drivers   : 5
 Total Blocks           : 3
 Total Primitive Blocks : 2
 Total Processes        : 8
 Total Traceable Variables  : 18
 Total Scalar Nets and Variables : 90
ntrace select -o on -m / -l this 
ntrace start 
isimrun 1000 ns 
Simulator is doing circuit initialization process.
Finished circuit initialization process.

 Simulation time 0.0625 sec.

 Estimate current memory usage : 163.725 Meg. 

Sun Oct 31 20:21:10 2021

