 command line:
   ./mohit_tb_isim_beh.exe
     -intstyle  ise
     -ipchost  localhost
     -ipcport  64623

Tue Oct 05 16:22:36 2021

Total Line Count : 59

 Elaboration time : 0 sec.

 Estimate current memory usage : 157.712 Meg. 

 Total Signals          : 13
 Total Nets             : 12
 Total Signal Drivers   : 7
 Total Blocks           : 3
 Total Primitive Blocks : 2
 Total Processes        : 10
 Total Traceable Variables  : 20
 Total Scalar Nets and Variables : 94
ntrace select -o on -n /mohit_tb/Out 
ntrace select -o on -n /mohit_tb/I0 
ntrace select -o on -n /mohit_tb/I1 
ntrace select -o on -n /mohit_tb/S 
ntrace start 
isimrun 1000 ns 
Simulator is doing circuit initialization process.
Finished circuit initialization process.

 Simulation time 0.140625 sec.

 Estimate current memory usage : 163.348 Meg. 

Tue Oct 05 17:56:27 2021

