 
cpldfit:  version J.36                              Xilinx Inc.
                                  Fitter Report
Design Name: mohit                               Date: 10- 5-2021,  4:19PM
Device Used: XA9536XL-15-VQ44
Fitting Status: Successful

*************************  Mapped Resource Summary  **************************

Macrocells     Product Terms    Function Block   Registers      Pins           
Used/Tot       Used/Tot         Inps Used/Tot    Used/Tot       Used/Tot       
1  /36  (  3%) 16  /180  (  9%) 20 /108 ( 19%)   0  /36  (  0%) 21 /34  ( 62%)

** Function Block Resources **

Function    Mcells      FB Inps     Pterms      IO          
Block       Used/Tot    Used/Tot    Used/Tot    Used/Tot    
FB1           1/18       20/54       16/90       1/17
FB2           0/18        0/54        0/90       0/17
             -----       -----       -----      -----    
              1/36       20/108      16/180      1/34 

* - Resource is exhausted

** Global Control Resources **

Global clock net(s) unused.
Global output enable net(s) unused.
Global set/reset net(s) unused.

** Pin Resources **

Signal Type    Required     Mapped  |  Pin Type            Used    Total 
------------------------------------|------------------------------------
Input         :   20          20    |  I/O              :    16      28
Output        :    1           1    |  GCK/IO           :     2       3
Bidirectional :    0           0    |  GTS/IO           :     2       2
GCK           :    0           0    |  GSR/IO           :     1       1
GTS           :    0           0    |
GSR           :    0           0    |
                 ----        ----
        Total     21          21

** Power Data **

There are 0 macrocells in high performance mode (MCHP).
There are 1 macrocells in low power mode (MCLP).
End of Mapped Resource Summary
*************************  Summary of Mapped Logic  ************************

** 1 Outputs **

Signal              Total Total Loc     Pin  Pin     Pin     Pwr  Slew Reg Init
Name                Pts   Inps          No.  Type    Use     Mode Rate State
Out                 16    20    FB1_4   42   I/O     O       LOW  FAST 

** 20 Inputs **

Signal              Loc     Pin  Pin     Pin     
Name                        No.  Type    Use     
I13                 FB1_1   40   I/O     I
I5                  FB1_2   41   I/O     I
I8                  FB1_3   43   GCK/I/O I
S1                  FB1_5   44   GCK/I/O I
S0                  FB1_15  14   I/O     I
S3                  FB1_16  16   I/O     I
I2                  FB1_17  18   I/O     I
I12                 FB2_1   39   I/O     I
I9                  FB2_3   36   GTS/I/O I
I4                  FB2_4   37   I/O     I
S2                  FB2_5   34   GTS/I/O I
I10                 FB2_6   33   GSR/I/O I
I1                  FB2_7   32   I/O     I
I6                  FB2_8   31   I/O     I
I14                 FB2_9   30   I/O     I
I3                  FB2_10  29   I/O     I
I0                  FB2_11  28   I/O     I
I7                  FB2_13  23   I/O     I
I11                 FB2_15  21   I/O     I
I15                 FB2_16  20   I/O     I

Legend:
Pin No. - ~ - User Assigned
**************************  Function Block Details  ************************
Legend:
Total Pt     - Total product terms used by the macrocell signal
Imp Pt       - Product terms imported from other macrocells
Exp Pt       - Product terms exported to other macrocells
               in direction shown
Unused Pt    - Unused local product terms remaining in macrocell
Loc          - Location where logic was mapped in device
Pin Type/Use - I  - Input             GCK - Global Clock
               O  - Output            GTS - Global Output Enable
              (b) - Buried macrocell  GSR - Global Set/Reset
X            - Signal used as input to the macrocell logic.
Pin No.      - ~  - User Assigned
*********************************** FB1  ***********************************
Number of function block inputs used/remaining:               20/34
Number of signals used by logic mapping into function block:  20
Signal              Total   Imp   Exp Unused  Loc     Pin   Pin     Pin
Name                Pt      Pt    Pt  Pt               #    Type    Use
(unused)              0       0     0   5     FB1_1   40    I/O     I
(unused)              0       0   \/1   4     FB1_2   41    I/O     I
(unused)              0       0   \/5   0     FB1_3   43    GCK/I/O I
Out                  16      11<-   0   0     FB1_4   42    I/O     O
(unused)              0       0   /\5   0     FB1_5   44    GCK/I/O I
(unused)              0       0     0   5     FB1_6   2     I/O     
(unused)              0       0     0   5     FB1_7   1     GCK/I/O 
(unused)              0       0     0   5     FB1_8   3     I/O     
(unused)              0       0     0   5     FB1_9   5     I/O     
(unused)              0       0     0   5     FB1_10  6     I/O     
(unused)              0       0     0   5     FB1_11  7     I/O     
(unused)              0       0     0   5     FB1_12  8     I/O     
(unused)              0       0     0   5     FB1_13  12    I/O     
(unused)              0       0     0   5     FB1_14  13    I/O     
(unused)              0       0     0   5     FB1_15  14    I/O     I
(unused)              0       0     0   5     FB1_16  16    I/O     I
(unused)              0       0     0   5     FB1_17  18    I/O     I
(unused)              0       0     0   5     FB1_18        (b)     

Signals Used by Logic in Function Block
  1: I0                 8: I1                15: I8 
  2: I10                9: I2                16: I9 
  3: I11               10: I3                17: S0 
  4: I12               11: I4                18: S1 
  5: I13               12: I5                19: S2 
  6: I14               13: I6                20: S3 
  7: I15               14: I7               

Signal                        1         2         3         4 FB
Name                0----+----0----+----0----+----0----+----0 Inputs
Out                  XXXXXXXXXXXXXXXXXXXX.................... 20
                    0----+----1----+----2----+----3----+----4
                              0         0         0         0
*********************************** FB2  ***********************************
Number of function block inputs used/remaining:               0/54
Number of signals used by logic mapping into function block:  0
Signal              Total   Imp   Exp Unused  Loc     Pin   Pin     Pin
Name                Pt      Pt    Pt  Pt               #    Type    Use
(unused)              0       0     0   5     FB2_1   39    I/O     I
(unused)              0       0     0   5     FB2_2   38    I/O     
(unused)              0       0     0   5     FB2_3   36    GTS/I/O I
(unused)              0       0     0   5     FB2_4   37    I/O     I
(unused)              0       0     0   5     FB2_5   34    GTS/I/O I
(unused)              0       0     0   5     FB2_6   33    GSR/I/O I
(unused)              0       0     0   5     FB2_7   32    I/O     I
(unused)              0       0     0   5     FB2_8   31    I/O     I
(unused)              0       0     0   5     FB2_9   30    I/O     I
(unused)              0       0     0   5     FB2_10  29    I/O     I
(unused)              0       0     0   5     FB2_11  28    I/O     I
(unused)              0       0     0   5     FB2_12  27    I/O     
(unused)              0       0     0   5     FB2_13  23    I/O     I
(unused)              0       0     0   5     FB2_14  22    I/O     
(unused)              0       0     0   5     FB2_15  21    I/O     I
(unused)              0       0     0   5     FB2_16  20    I/O     I
(unused)              0       0     0   5     FB2_17  19    I/O     
(unused)              0       0     0   5     FB2_18        (b)     
*******************************  Equations  ********************************

********** Mapped Logic **********








Out <= ((EXP5_.EXP)
	OR (EXP6_.EXP)
	OR (S3 AND I15 AND S2 AND S1 AND S0)
	OR (S3 AND I14 AND S2 AND S1 AND NOT S0)
	OR (S3 AND I10 AND NOT S2 AND S1 AND NOT S0)
	OR (NOT S3 AND I6 AND S2 AND S1 AND NOT S0)
	OR (NOT S3 AND I2 AND NOT S2 AND S1 AND NOT S0));

Register Legend:
 FDCPE (Q,D,C,CLR,PRE,CE); 
 FTCPE (Q,D,C,CLR,PRE,CE); 
 LDCP  (Q,D,G,CLR,PRE); 

******************************  Device Pin Out *****************************

Device : XA9536XL-15-VQ44


   --------------------------------  
  /44 43 42 41 40 39 38 37 36 35 34 \
 | 1                             33 | 
 | 2                             32 | 
 | 3                             31 | 
 | 4                             30 | 
 | 5        XA9536XL-15-VQ44     29 | 
 | 6                             28 | 
 | 7                             27 | 
 | 8                             26 | 
 | 9                             25 | 
 | 10                            24 | 
 | 11                            23 | 
 \ 12 13 14 15 16 17 18 19 20 21 22 /
   --------------------------------  


Pin Signal                         Pin Signal                        
No. Name                           No. Name                          
  1 KPR                              23 I7                            
  2 KPR                              24 TDO                           
  3 KPR                              25 GND                           
  4 GND                              26 VCC                           
  5 KPR                              27 KPR                           
  6 KPR                              28 I0                            
  7 KPR                              29 I3                            
  8 KPR                              30 I14                           
  9 TDI                              31 I6                            
 10 TMS                              32 I1                            
 11 TCK                              33 I10                           
 12 KPR                              34 S2                            
 13 KPR                              35 VCC                           
 14 S0                               36 I9                            
 15 VCC                              37 I4                            
 16 S3                               38 KPR                           
 17 GND                              39 I12                           
 18 I2                               40 I13                           
 19 KPR                              41 I5                            
 20 I15                              42 Out                           
 21 I11                              43 I8                            
 22 KPR                              44 S1                            


Legend :  NC  = Not Connected, unbonded pin
         PGND = Unused I/O configured as additional Ground pin
         TIE  = Unused I/O floating -- must tie to VCC, GND or other signal
         KPR  = Unused I/O with weak keeper (leave unconnected)
         VCC  = Dedicated Power Pin
         GND  = Dedicated Ground Pin
         TDI  = Test Data In, JTAG pin
         TDO  = Test Data Out, JTAG pin
         TCK  = Test Clock, JTAG pin
         TMS  = Test Mode Select, JTAG pin
  PROHIBITED  = User reserved pin
****************************  Compiler Options  ****************************

Following is a list of all global compiler options used by the fitter run.

Device(s) Specified                         : xa95*xl-*-*
Optimization Method                         : DENSITY
Multi-Level Logic Optimization              : ON
Ignore Timing Specifications                : OFF
Default Register Power Up Value             : LOW
Keep User Location Constraints              : ON
What-You-See-Is-What-You-Get                : OFF
Exhaustive Fitting                          : OFF
Keep Unused Inputs                          : OFF
Slew Rate                                   : FAST
Power Mode                                  : LOW
Ground on Unused IOs                        : OFF
Set I/O Pin Termination                     : KEEPER
Global Clock Optimization                   : ON
Global Set/Reset Optimization               : ON
Global Ouput Enable Optimization            : ON
Input Limit                                 : 54
Pterm Limit                                 : 25
