 command line:
   ./mohit_tb_isim_beh.exe
     -intstyle  ise
     -ipchost  localhost
     -ipcport  56787

Tue Oct 05 16:28:25 2021

Total Line Count : 211

 Elaboration time : 0.015625 sec.

 Estimate current memory usage : 157.684 Meg. 

 Total Signals          : 16
 Total Nets             : 15
 Total Signal Drivers   : 10
 Total Blocks           : 3
 Total Primitive Blocks : 2
 Total Processes        : 13
 Total Traceable Variables  : 23
 Total Scalar Nets and Variables : 100
ntrace select -o on -m / -l this 
ntrace start 
isimrun 1000 ns 
Simulator is doing circuit initialization process.
Finished circuit initialization process.

 Simulation time 0.125 sec.

 Estimate current memory usage : 163.32 Meg. 

Tue Oct 05 17:56:24 2021

