 
cpldfit:  version J.36                              Xilinx Inc.
                                  Fitter Report
Design Name: mohit                               Date:  9-28-2021,  6:50PM
Device Used: XA9536XL-15-VQ44
Fitting Status: Successful

*************************  Mapped Resource Summary  **************************

Macrocells     Product Terms    Function Block   Registers      Pins           
Used/Tot       Used/Tot         Inps Used/Tot    Used/Tot       Used/Tot       
5  /36  ( 14%) 15  /180  (  8%) 8  /108 (  7%)   0  /36  (  0%) 10 /34  ( 29%)

** Function Block Resources **

Function    Mcells      FB Inps     Pterms      IO          
Block       Used/Tot    Used/Tot    Used/Tot    Used/Tot    
FB1           3/18        5/54        9/90       2/17
FB2           2/18        3/54        6/90       2/17
             -----       -----       -----      -----    
              5/36        8/108      15/180      4/34 

* - Resource is exhausted

** Global Control Resources **

Global clock net(s) unused.
Global output enable net(s) unused.
Global set/reset net(s) unused.

** Pin Resources **

Signal Type    Required     Mapped  |  Pin Type            Used    Total 
------------------------------------|------------------------------------
Input         :    6           6    |  I/O              :    10      28
Output        :    4           4    |  GCK/IO           :     0       3
Bidirectional :    0           0    |  GTS/IO           :     0       2
GCK           :    0           0    |  GSR/IO           :     0       1
GTS           :    0           0    |
GSR           :    0           0    |
                 ----        ----
        Total     10          10

** Power Data **

There are 0 macrocells in high performance mode (MCHP).
There are 5 macrocells in low power mode (MCLP).
End of Mapped Resource Summary
*************************  Summary of Mapped Logic  ************************

** 4 Outputs **

Signal              Total Total Loc     Pin  Pin     Pin     Pwr  Slew Reg Init
Name                Pts   Inps          No.  Type    Use     Mode Rate State
S<1>                4     5     FB1_2   41   I/O     O       LOW  FAST 
S<0>                2     2     FB1_11  7    I/O     O       LOW  FAST 
Cout                3     3     FB2_2   38   I/O     O       LOW  FAST 
S<2>                3     3     FB2_11  28   I/O     O       LOW  FAST 

** 1 Buried Nodes **

Signal              Total Total Loc     Pwr  Reg Init
Name                Pts   Inps          Mode State
c1/c1_D2            3     4     FB1_18  LOW  

** 6 Inputs **

Signal              Loc     Pin  Pin     Pin     
Name                        No.  Type    Use     
A<1>                FB2_8   31   I/O     I
A<0>                FB2_9   30   I/O     I
A<2>                FB2_13  23   I/O     I
B<0>                FB2_14  22   I/O     I
B<1>                FB2_15  21   I/O     I
B<2>                FB2_16  20   I/O     I

Legend:
Pin No. - ~ - User Assigned
**************************  Function Block Details  ************************
Legend:
Total Pt     - Total product terms used by the macrocell signal
Imp Pt       - Product terms imported from other macrocells
Exp Pt       - Product terms exported to other macrocells
               in direction shown
Unused Pt    - Unused local product terms remaining in macrocell
Loc          - Location where logic was mapped in device
Pin Type/Use - I  - Input             GCK - Global Clock
               O  - Output            GTS - Global Output Enable
              (b) - Buried macrocell  GSR - Global Set/Reset
X            - Signal used as input to the macrocell logic.
Pin No.      - ~  - User Assigned
*********************************** FB1  ***********************************
Number of function block inputs used/remaining:               5/49
Number of signals used by logic mapping into function block:  5
Signal              Total   Imp   Exp Unused  Loc     Pin   Pin     Pin
Name                Pt      Pt    Pt  Pt               #    Type    Use
(unused)              0       0     0   5     FB1_1   40    I/O     
S<1>                  4       0     0   1     FB1_2   41    I/O     O
(unused)              0       0     0   5     FB1_3   43    GCK/I/O 
(unused)              0       0     0   5     FB1_4   42    I/O     
(unused)              0       0     0   5     FB1_5   44    GCK/I/O 
(unused)              0       0     0   5     FB1_6   2     I/O     
(unused)              0       0     0   5     FB1_7   1     GCK/I/O 
(unused)              0       0     0   5     FB1_8   3     I/O     
(unused)              0       0     0   5     FB1_9   5     I/O     
(unused)              0       0     0   5     FB1_10  6     I/O     
S<0>                  2       0     0   3     FB1_11  7     I/O     O
(unused)              0       0     0   5     FB1_12  8     I/O     
(unused)              0       0     0   5     FB1_13  12    I/O     
(unused)              0       0     0   5     FB1_14  13    I/O     
(unused)              0       0     0   5     FB1_15  14    I/O     
(unused)              0       0     0   5     FB1_16  16    I/O     
(unused)              0       0     0   5     FB1_17  18    I/O     
c1/c1_D2              3       0     0   2     FB1_18        (b)     (b)

Signals Used by Logic in Function Block
  1: A<0>               3: B<0>               5: c1/c1_D2 
  2: A<1>               4: B<1>             

Signal                        1         2         3         4 FB
Name                0----+----0----+----0----+----0----+----0 Inputs
S<1>                 XXXXX................................... 5
S<0>                 X.X..................................... 2
c1/c1_D2             XXXX.................................... 4
                    0----+----1----+----2----+----3----+----4
                              0         0         0         0
*********************************** FB2  ***********************************
Number of function block inputs used/remaining:               3/51
Number of signals used by logic mapping into function block:  3
Signal              Total   Imp   Exp Unused  Loc     Pin   Pin     Pin
Name                Pt      Pt    Pt  Pt               #    Type    Use
(unused)              0       0     0   5     FB2_1   39    I/O     
Cout                  3       0     0   2     FB2_2   38    I/O     O
(unused)              0       0     0   5     FB2_3   36    GTS/I/O 
(unused)              0       0     0   5     FB2_4   37    I/O     
(unused)              0       0     0   5     FB2_5   34    GTS/I/O 
(unused)              0       0     0   5     FB2_6   33    GSR/I/O 
(unused)              0       0     0   5     FB2_7   32    I/O     
(unused)              0       0     0   5     FB2_8   31    I/O     I
(unused)              0       0     0   5     FB2_9   30    I/O     I
(unused)              0       0     0   5     FB2_10  29    I/O     
S<2>                  3       0     0   2     FB2_11  28    I/O     O
(unused)              0       0     0   5     FB2_12  27    I/O     
(unused)              0       0     0   5     FB2_13  23    I/O     I
(unused)              0       0     0   5     FB2_14  22    I/O     I
(unused)              0       0     0   5     FB2_15  21    I/O     I
(unused)              0       0     0   5     FB2_16  20    I/O     I
(unused)              0       0     0   5     FB2_17  19    I/O     
(unused)              0       0     0   5     FB2_18        (b)     

Signals Used by Logic in Function Block
  1: A<2>               2: B<2>               3: c1/c1_D2 

Signal                        1         2         3         4 FB
Name                0----+----0----+----0----+----0----+----0 Inputs
Cout                 XXX..................................... 3
S<2>                 XXX..................................... 3
                    0----+----1----+----2----+----3----+----4
                              0         0         0         0
*******************************  Equations  ********************************

********** Mapped Logic **********


Cout <= ((B(2) AND A(2))
	OR (B(2) AND c1/c1_D2)
	OR (A(2) AND c1/c1_D2));


S(0) <= A(0)
	 XOR 
S(0) <= B(0);


S(1) <= ((B(1) AND NOT A(1) AND NOT c1/c1_D2)
	OR (NOT B(1) AND A(1) AND NOT c1/c1_D2)
	OR (B(0) AND A(0) AND B(1) AND A(1))
	OR (B(0) AND A(0) AND NOT B(1) AND NOT A(1)));


S(2) <= NOT (A(2)
	 XOR 
S(2) <= NOT (((B(2) AND c1/c1_D2)
	OR (NOT B(2) AND NOT c1/c1_D2)));


c1/c1_D2 <= ((B(1) AND A(1))
	OR (B(0) AND A(0) AND B(1))
	OR (B(0) AND A(0) AND A(1)));

Register Legend:
 FDCPE (Q,D,C,CLR,PRE,CE); 
 FTCPE (Q,D,C,CLR,PRE,CE); 
 LDCP  (Q,D,G,CLR,PRE); 

******************************  Device Pin Out *****************************

Device : XA9536XL-15-VQ44


   --------------------------------  
  /44 43 42 41 40 39 38 37 36 35 34 \
 | 1                             33 | 
 | 2                             32 | 
 | 3                             31 | 
 | 4                             30 | 
 | 5        XA9536XL-15-VQ44     29 | 
 | 6                             28 | 
 | 7                             27 | 
 | 8                             26 | 
 | 9                             25 | 
 | 10                            24 | 
 | 11                            23 | 
 \ 12 13 14 15 16 17 18 19 20 21 22 /
   --------------------------------  


Pin Signal                         Pin Signal                        
No. Name                           No. Name                          
  1 KPR                              23 A<2>                          
  2 KPR                              24 TDO                           
  3 KPR                              25 GND                           
  4 GND                              26 VCC                           
  5 KPR                              27 KPR                           
  6 KPR                              28 S<2>                          
  7 S<0>                             29 KPR                           
  8 KPR                              30 A<0>                          
  9 TDI                              31 A<1>                          
 10 TMS                              32 KPR                           
 11 TCK                              33 KPR                           
 12 KPR                              34 KPR                           
 13 KPR                              35 VCC                           
 14 KPR                              36 KPR                           
 15 VCC                              37 KPR                           
 16 KPR                              38 Cout                          
 17 GND                              39 KPR                           
 18 KPR                              40 KPR                           
 19 KPR                              41 S<1>                          
 20 B<2>                             42 KPR                           
 21 B<1>                             43 KPR                           
 22 B<0>                             44 KPR                           


Legend :  NC  = Not Connected, unbonded pin
         PGND = Unused I/O configured as additional Ground pin
         TIE  = Unused I/O floating -- must tie to VCC, GND or other signal
         KPR  = Unused I/O with weak keeper (leave unconnected)
         VCC  = Dedicated Power Pin
         GND  = Dedicated Ground Pin
         TDI  = Test Data In, JTAG pin
         TDO  = Test Data Out, JTAG pin
         TCK  = Test Clock, JTAG pin
         TMS  = Test Mode Select, JTAG pin
  PROHIBITED  = User reserved pin
****************************  Compiler Options  ****************************

Following is a list of all global compiler options used by the fitter run.

Device(s) Specified                         : xa95*xl-*-*
Optimization Method                         : DENSITY
Multi-Level Logic Optimization              : ON
Ignore Timing Specifications                : OFF
Default Register Power Up Value             : LOW
Keep User Location Constraints              : ON
What-You-See-Is-What-You-Get                : OFF
Exhaustive Fitting                          : OFF
Keep Unused Inputs                          : OFF
Slew Rate                                   : FAST
Power Mode                                  : LOW
Ground on Unused IOs                        : OFF
Set I/O Pin Termination                     : KEEPER
Global Clock Optimization                   : ON
Global Set/Reset Optimization               : ON
Global Ouput Enable Optimization            : ON
Input Limit                                 : 54
Pterm Limit                                 : 25
