 command line:
   ./DeCoder_2_4_TB_isim_beh.exe
     -intstyle  ise
     -ipchost  localhost
     -ipcport  53044

Sat Oct 30 13:26:39 2021

Total Line Count : 60

 Elaboration time : 0.015625 sec.

 Estimate current memory usage : 157.336 Meg. 

 Total Signals          : 10
 Total Nets             : 14
 Total Signal Drivers   : 6
 Total Blocks           : 3
 Total Primitive Blocks : 2
 Total Processes        : 9
 Total Traceable Variables  : 19
 Total Scalar Nets and Variables : 99
ntrace select -o on -m / -l this 
ntrace start 
isimrun 1000 ns 
Simulator is doing circuit initialization process.
Finished circuit initialization process.

 Simulation time 0.09375 sec.

 Estimate current memory usage : 162.804 Meg. 

Sat Oct 30 14:01:05 2021

