 command line:
   ./myTB_isim_beh.exe
     -intstyle  ise
     -ipchost  localhost
     -ipcport  60842

Tue Sep 28 19:03:56 2021

Total Line Count : 133

 Elaboration time : 0.03125 sec.

 Estimate current memory usage : 158.695 Meg. 

 Total Signals          : 64
 Total Nets             : 30
 Total Signal Drivers   : 21
 Total Blocks           : 12
 Total Primitive Blocks : 7
 Total Processes        : 23
 Total Traceable Variables  : 19
 Total Scalar Nets and Variables : 115
ntrace select -o on -m / -l this 
ntrace start 
isimrun 1000 ns 
Simulator is doing circuit initialization process.
Finished circuit initialization process.

 Simulation time 0.09375 sec.

 Estimate current memory usage : 171.241 Meg. 

Tue Sep 28 19:04:24 2021

